<?xml version="1.0" encoding="UTF-8"?>
<!-- Generated by org.testng.reporters.JUnitReportReporter -->
<testsuite hostname="Hakans-Air" name="com.qa.darkSky.tests.TodayWeatherPageTest" tests="2" failures="0" timestamp="9 Aug 2020 23:27:38 GMT" time="9.376" errors="0">
  <testcase name="clickToday" time="0.055" classname="com.qa.darkSky.tests.TodayWeatherPageTest"/>
  <testcase name="verifyTemp" time="9.321" classname="com.qa.darkSky.tests.TodayWeatherPageTest"/>
</testsuite> <!-- com.qa.darkSky.tests.TodayWeatherPageTest -->
